2019-12-18 15:52:54:5254 error: 404 - Not Found - /socket.io/?EIO=3&transport=polling&t=MyPI6pw - GET - ::1
2019-12-18 15:52:54:5254 info: GET /socket.io/?EIO=3&transport=polling&t=MyPI6pw 404 42.309 ms - 1372
2019-12-18 15:52:55:5255 error: 404 - Not Found - /socket.io/?EIO=3&transport=polling&t=MyPI73p - GET - ::1
2019-12-18 15:52:55:5255 info: GET /socket.io/?EIO=3&transport=polling&t=MyPI73p 404 8.454 ms - 1372
2019-12-18 15:52:57:5257 info: GET / 200 38.334 ms - 6426
2019-12-18 15:52:57:5257 info: GET /stylesheets/style.css 304 1.602 ms - -
2019-12-18 15:52:57:5257 error: 404 - Not Found - /favicon.ico - GET - ::1
2019-12-18 15:52:57:5257 info: GET /favicon.ico 404 5.311 ms - 1372
2019-12-18 15:53:02:532 error: 404 - Not Found - /socket.io/?EIO=3&transport=polling&t=MyPI8n2 - GET - ::1
2019-12-18 15:53:02:532 info: GET /socket.io/?EIO=3&transport=polling&t=MyPI8n2 404 7.265 ms - 1372
2019-12-18 15:53:03:533 error: 404 - Not Found - /socket.io/?EIO=3&transport=polling&t=MyPI90c - GET - ::1
2019-12-18 15:53:03:533 info: GET /socket.io/?EIO=3&transport=polling&t=MyPI90c 404 6.859 ms - 1372
2019-12-18 15:53:08:538 error: 500 - C:\coupons site\views\layout.ejs:87
    85|         
    86|       <ul class="nav navbar-nav navbar-right">
 >> 87|           <% if (user) { %>
    88| 
    89|             <p><font color="white">Nice to see you: <%= user.email %></font>
    90|                 <button type="button" class="btn btn-default btn-sm">

user is not defined - /add/addcoupon - GET - ::1
2019-12-18 15:53:08:538 info: GET /add/addcoupon 500 17.934 ms - 2242
2019-12-18 15:53:10:5310 error: 404 - Not Found - /socket.io/?EIO=3&transport=polling&t=MyPIAjw - GET - ::1
2019-12-18 15:53:10:5310 info: GET /socket.io/?EIO=3&transport=polling&t=MyPIAjw 404 4.392 ms - 1372
2019-12-18 15:53:17:5317 error: 404 - Not Found - /socket.io/?EIO=3&transport=polling&t=MyPICRU - GET - ::1
2019-12-18 15:53:17:5317 info: GET /socket.io/?EIO=3&transport=polling&t=MyPICRU 404 13.904 ms - 1372
2019-12-18 15:53:18:5318 error: 404 - Not Found - /socket.io/?EIO=3&transport=polling&t=MyPICh1 - GET - ::1
2019-12-18 15:53:18:5318 info: GET /socket.io/?EIO=3&transport=polling&t=MyPICh1 404 12.269 ms - 1372
2019-12-18 15:53:22:5322 error: 500 - C:\coupons site\views\layout.ejs:87
    85|         
    86|       <ul class="nav navbar-nav navbar-right">
 >> 87|           <% if (user) { %>
    88| 
    89|             <p><font color="white">Nice to see you: <%= user.email %></font>
    90|                 <button type="button" class="btn btn-default btn-sm">

user is not defined - /add/addcoupon - GET - ::1
2019-12-18 15:53:22:5322 info: GET /add/addcoupon 500 9.415 ms - 2242
2019-12-18 15:53:25:5325 error: 404 - Not Found - /socket.io/?EIO=3&transport=polling&t=MyPIEOJ - GET - ::1
2019-12-18 15:53:25:5325 info: GET /socket.io/?EIO=3&transport=polling&t=MyPIEOJ 404 8.485 ms - 1372
2019-12-18 15:53:26:5326 error: 404 - Not Found - /socket.io/?EIO=3&transport=polling&t=MyPIEd- - GET - ::1
2019-12-18 15:53:26:5326 info: GET /socket.io/?EIO=3&transport=polling&t=MyPIEd- 404 9.916 ms - 1372
2019-12-18 15:53:27:5327 error: 404 - Not Found - /socket.io/?EIO=3&transport=polling&t=MyPIEtf - GET - ::1
2019-12-18 15:53:27:5327 info: GET /socket.io/?EIO=3&transport=polling&t=MyPIEtf 404 10.534 ms - 1372
2019-12-22 17:15:02:152 info: GET / 200 17.928 ms - 6426
2019-12-22 17:15:02:152 info: GET /stylesheets/style.css 200 3.759 ms - 230
2019-12-22 17:15:03:153 error: 404 - Not Found - /favicon.ico - GET - ::1
2019-12-22 17:15:03:153 info: GET /favicon.ico 404 6.308 ms - 1372
2019-12-22 17:15:06:156 info: GET /users 304 10.671 ms - -
2019-12-22 17:15:06:156 info: GET /stylesheets/style.css 304 1.248 ms - -
2019-12-22 17:15:11:1511 info: GET /sessions/ 200 3.065 ms - 1311
2019-12-22 17:15:11:1511 info: GET /stylesheets/style.css 304 0.776 ms - -
2019-12-22 17:15:22:1522 info: GET /sessions/ 200 2.931 ms - 1315
2019-12-22 17:15:22:1522 info: GET /stylesheets/style.css 200 1.734 ms - 230
2019-12-22 17:15:22:1522 error: 404 - Not Found - /favicon.ico - GET - ::1
2019-12-22 17:15:22:1522 info: GET /favicon.ico 404 4.231 ms - 1372
2019-12-22 17:15:23:1523 info: GET /sessions/ 200 3.509 ms - 1315
2019-12-22 17:15:23:1523 info: GET /stylesheets/style.css 200 1.561 ms - 230
2019-12-22 17:15:23:1523 error: 404 - Not Found - /favicon.ico - GET - ::1
2019-12-22 17:15:23:1523 info: GET /favicon.ico 404 4.425 ms - 1372
2019-12-22 17:15:27:1527 error: 404 - Not Found - /passwordrecovery/forgot-password-request/ - GET - ::1
2019-12-22 17:15:27:1527 info: GET /passwordrecovery/forgot-password-request/ 404 4.072 ms - 1372
2019-12-22 17:15:34:1534 info: POST /sessions/ 302 38.651 ms - 62
2019-12-22 17:15:34:1534 info: GET /sessions 200 1.960 ms - 1334
2019-12-22 17:15:34:1534 info: GET /stylesheets/style.css 304 0.951 ms - -
2019-12-22 17:15:35:1535 info: POST /sessions 302 1.000 ms - 62
2019-12-22 17:15:35:1535 info: GET /sessions 200 2.186 ms - 1334
2019-12-22 17:15:35:1535 info: GET /stylesheets/style.css 304 0.544 ms - -
2019-12-22 17:15:36:1536 info: POST /sessions 302 0.692 ms - 62
2019-12-22 17:15:36:1536 info: GET /sessions 200 2.912 ms - 1334
2019-12-22 17:15:36:1536 info: GET /stylesheets/style.css 304 0.584 ms - -
2019-12-22 17:15:36:1536 info: POST /sessions 302 0.794 ms - 62
2019-12-22 17:15:36:1536 info: GET /sessions 200 2.932 ms - 1334
2019-12-22 17:15:36:1536 info: GET /stylesheets/style.css 304 0.510 ms - -
2019-12-22 17:15:36:1536 info: POST /sessions 302 0.731 ms - 62
2019-12-22 17:15:36:1536 info: GET /sessions 200 2.650 ms - 1334
2019-12-22 17:15:36:1536 info: GET /stylesheets/style.css 304 1.137 ms - -
2019-12-22 17:15:36:1536 info: POST /sessions 302 0.529 ms - 62
2019-12-22 17:15:36:1536 info: GET /sessions 200 2.811 ms - 1334
2019-12-22 17:15:36:1536 info: GET /stylesheets/style.css 304 0.493 ms - -
2019-12-22 17:15:36:1536 info: POST /sessions 302 0.582 ms - 62
2019-12-22 17:15:36:1536 info: GET /sessions 200 2.077 ms - 1334
2019-12-22 17:15:36:1536 info: GET /stylesheets/style.css 304 0.722 ms - -
2019-12-22 17:15:39:1539 info: GET /users 304 2.706 ms - -
2019-12-22 17:15:39:1539 info: GET /stylesheets/style.css 304 0.710 ms - -
2019-12-22 17:15:45:1545 error: 404 - Not Found - /passwordrecovery/forgot-password-request/ - GET - ::1
2019-12-22 17:15:45:1545 info: GET /passwordrecovery/forgot-password-request/ 404 3.774 ms - 1372
2019-12-22 17:16:11:1611 error: 404 - Not Found - /passwordrecovery/forgot-password-request/ - GET - ::1
2019-12-22 17:16:11:1611 info: GET /passwordrecovery/forgot-password-request/ 404 4.375 ms - 1372
2019-12-22 17:19:06:196 error: 404 - Not Found - /passwordrecovery/forgot-password-request/ - GET - ::1
2019-12-22 17:19:06:196 info: GET /passwordrecovery/forgot-password-request/ 404 4.871 ms - 1372
2019-12-22 17:19:07:197 error: 404 - Not Found - /favicon.ico - GET - ::1
2019-12-22 17:19:07:197 info: GET /favicon.ico 404 3.961 ms - 1372
2019-12-22 17:19:08:198 error: 404 - Not Found - /passwordrecovery/forgot-password-request/ - GET - ::1
2019-12-22 17:19:08:198 info: GET /passwordrecovery/forgot-password-request/ 404 5.584 ms - 1372
2019-12-22 17:19:08:198 error: 404 - Not Found - /favicon.ico - GET - ::1
2019-12-22 17:19:08:198 info: GET /favicon.ico 404 5.276 ms - 1372
2019-12-22 17:19:08:198 error: 404 - Not Found - /passwordrecovery/forgot-password-request/ - GET - ::1
2019-12-22 17:19:08:198 info: GET /passwordrecovery/forgot-password-request/ 404 3.667 ms - 1372
2019-12-22 17:19:08:198 error: 404 - Not Found - /favicon.ico - GET - ::1
2019-12-22 17:19:08:198 info: GET /favicon.ico 404 5.067 ms - 1372
2019-12-22 17:19:09:199 error: 404 - Not Found - /passwordrecovery/forgot-password-request/ - GET - ::1
2019-12-22 17:19:09:199 info: GET /passwordrecovery/forgot-password-request/ 404 3.665 ms - 1372
2019-12-22 17:19:09:199 error: 404 - Not Found - /favicon.ico - GET - ::1
2019-12-22 17:19:09:199 info: GET /favicon.ico 404 3.194 ms - 1372
2019-12-22 17:19:09:199 error: 404 - Not Found - /passwordrecovery/forgot-password-request/ - GET - ::1
2019-12-22 17:19:09:199 info: GET /passwordrecovery/forgot-password-request/ 404 3.406 ms - 1372
2019-12-22 17:19:09:199 error: 404 - Not Found - /favicon.ico - GET - ::1
2019-12-22 17:19:09:199 info: GET /favicon.ico 404 3.717 ms - 1372
2019-12-22 17:19:13:1913 error: 404 - Not Found - /passwordrecovery/forgot-password-request/ - GET - ::1
2019-12-22 17:19:13:1913 info: GET /passwordrecovery/forgot-password-request/ 404 4.784 ms - 1372
2019-12-22 17:19:33:1933 info: GET /sessions 200 3.471 ms - 1289
2019-12-22 17:19:33:1933 info: GET /stylesheets/style.css 200 1.445 ms - 230
2019-12-22 17:19:33:1933 info: GET /sessions 200 4.789 ms - 1289
2019-12-22 17:19:33:1933 info: GET /stylesheets/style.css 200 2.058 ms - 230
2019-12-22 17:19:33:1933 info: GET /sessions 200 1.853 ms - 1289
2019-12-22 17:19:33:1933 info: GET /stylesheets/style.css 200 1.953 ms - 230
2019-12-22 17:19:34:1934 info: GET /sessions 200 1.983 ms - 1289
2019-12-22 17:19:34:1934 info: GET /stylesheets/style.css 200 2.543 ms - 230
2019-12-22 17:19:34:1934 error: 404 - Not Found - /favicon.ico - GET - ::1
2019-12-22 17:19:34:1934 info: GET /favicon.ico 404 4.173 ms - 1372
2019-12-22 17:19:36:1936 error: 404 - Not Found - /forgotpassword/ - GET - ::1
2019-12-22 17:19:36:1936 info: GET /forgotpassword/ 404 4.691 ms - 1372
2019-12-22 17:20:04:204 error: 404 - Not Found - /forgotpassword/ - GET - ::1
2019-12-22 17:20:04:204 info: GET /forgotpassword/ 404 4.146 ms - 1372
2019-12-22 17:20:04:204 error: 404 - Not Found - /favicon.ico - GET - ::1
2019-12-22 17:20:04:204 info: GET /favicon.ico 404 3.387 ms - 1372
2019-12-22 17:20:45:2045 error: 404 - Not Found - /favicon.ico - GET - ::1
2019-12-22 17:20:45:2045 info: GET /favicon.ico 404 20.384 ms - 1372
2019-12-22 17:20:48:2048 info: GET /sessions 200 4.472 ms - 1288
2019-12-22 17:20:48:2048 info: GET /stylesheets/style.css 304 1.454 ms - -
2019-12-22 17:20:50:2050 info: GET /sessions 304 2.232 ms - -
2019-12-22 17:20:50:2050 info: GET /stylesheets/style.css 304 0.702 ms - -
2019-12-22 17:20:52:2052 error: 404 - Not Found - /forgotpassword - GET - ::1
2019-12-22 17:20:52:2052 info: GET /forgotpassword 404 3.937 ms - 1372
2019-12-22 17:22:11:2211 info: GET /sessions 304 12.839 ms - -
2019-12-22 17:22:11:2211 info: GET /stylesheets/style.css 304 1.490 ms - -
2019-12-22 17:22:15:2215 error: 404 - Not Found - /forgotpassword - GET - ::1
2019-12-22 17:22:15:2215 info: GET /forgotpassword 404 5.384 ms - 1372
2019-12-22 17:23:43:2343 info: GET /sessions 200 22.494 ms - 1293
2019-12-22 17:23:43:2343 info: GET /stylesheets/style.css 200 3.687 ms - 230
2019-12-22 17:23:43:2343 error: 404 - Not Found - /favicon.ico - GET - ::ffff:127.0.0.1
2019-12-22 17:23:43:2343 info: GET /favicon.ico 404 7.206 ms - 1372
2019-12-22 17:23:45:2345 error: 500 - C:\coupons site\views\layout.ejs:115
    113|       <h3>Test</h3>
    114|       <p>Lorem ipsum...</p>
 >> 115|       <%- include(page); %>
    116|     </div>
    117| </div>
    118| 

C:\coupons site\views\passwordrecovery\forgot-password-request.ejs:14
    12| <body>
    13| <h1>Forsot Password</h1>
 >> 14|         <% if (user.errors) { %>
    15|         <h2>Errors found in form</h2>
    16|         <ul>
    17|             <% for (let msg of Object.values(user.errors)) { %>

Cannot read property 'errors' of undefined - /users/forgotpassword - GET - ::ffff:127.0.0.1
2019-12-22 17:23:45:2345 info: GET /users/forgotpassword 500 11.692 ms - 2704
2019-12-22 17:24:45:2445 error: 500 - C:\coupons site\views\layout.ejs:115
    113|       <h3>Test</h3>
    114|       <p>Lorem ipsum...</p>
 >> 115|       <%- include(page); %>
    116|     </div>
    117| </div>
    118| 

C:\coupons site\views\passwordrecovery\forgot-password-request.ejs:14
    12| <body>
    13| <h1>Forgot Password</h1>
 >> 14|         <% if (user.errors) { %>
    15|         <h2>Errors found in form</h2>
    16|         <ul>
    17|             <% for (let msg of Object.values(user.errors)) { %>

Cannot read property 'errors' of undefined - /users/forgotpassword - GET - ::1
2019-12-22 17:24:45:2445 info: GET /users/forgotpassword 500 10.801 ms - 2704
2019-12-22 17:24:45:2445 error: 404 - Not Found - /favicon.ico - GET - ::1
2019-12-22 17:24:45:2445 info: GET /favicon.ico 404 3.584 ms - 1372
2019-12-22 17:24:56:2456 error: 500 - C:\coupons site\views\layout.ejs:115
    113|       <h3>Test</h3>
    114|       <p>Lorem ipsum...</p>
 >> 115|       <%- include(page); %>
    116|     </div>
    117| </div>
    118| 

C:\coupons site\views\passwordrecovery\forgot-password-request.ejs:14
    12| <body>
    13| <h1>Forgot Password</h1>
 >> 14|         <% if (user.errors) { %>
    15|         <h2>Errors found in form</h2>
    16|         <ul>
    17|             <% for (let msg of Object.values(user.errors)) { %>

Cannot read property 'errors' of undefined - /users/forgotpassword - GET - ::1
2019-12-22 17:24:56:2456 info: GET /users/forgotpassword 500 24.216 ms - 2704
2019-12-22 17:24:56:2456 error: 404 - Not Found - /favicon.ico - GET - ::1
2019-12-22 17:24:56:2456 info: GET /favicon.ico 404 5.313 ms - 1372
2019-12-22 17:24:58:2458 error: 500 - C:\coupons site\views\layout.ejs:115
    113|       <h3>Test</h3>
    114|       <p>Lorem ipsum...</p>
 >> 115|       <%- include(page); %>
    116|     </div>
    117| </div>
    118| 

C:\coupons site\views\passwordrecovery\forgot-password-request.ejs:14
    12| <body>
    13| <h1>Forgot Password</h1>
 >> 14|         <% if (user.errors) { %>
    15|         <h2>Errors found in form</h2>
    16|         <ul>
    17|             <% for (let msg of Object.values(user.errors)) { %>

Cannot read property 'errors' of undefined - /users/forgotpassword - GET - ::1
2019-12-22 17:24:58:2458 info: GET /users/forgotpassword 500 9.550 ms - 2704
2019-12-22 17:24:58:2458 error: 404 - Not Found - /favicon.ico - GET - ::1
2019-12-22 17:24:58:2458 info: GET /favicon.ico 404 3.662 ms - 1372
2019-12-22 17:25:15:2515 info: GET /users/forgotpassword 200 8.413 ms - 5573
2019-12-22 17:25:15:2515 info: GET /stylesheets/style.css 200 3.873 ms - 230
2019-12-22 17:25:16:2516 error: 404 - Not Found - /favicon.ico - GET - ::1
2019-12-22 17:25:16:2516 info: GET /favicon.ico 404 4.148 ms - 1372
2019-12-22 17:25:18:2518 info: GET /sessions 304 3.843 ms - -
2019-12-22 17:25:18:2518 info: GET /stylesheets/style.css 304 2.018 ms - -
2019-12-22 17:25:30:2530 info: GET /users/forgotpassword 200 18.604 ms - 5573
2019-12-22 17:25:30:2530 info: GET /stylesheets/style.css 200 1.549 ms - 230
2019-12-22 17:25:31:2531 error: 404 - Not Found - /favicon.ico - GET - ::1
2019-12-22 17:25:31:2531 info: GET /favicon.ico 404 4.509 ms - 1372
2019-12-22 17:25:31:2531 info: GET /users/forgotpassword 200 18.578 ms - 5573
2019-12-22 17:25:31:2531 info: GET /stylesheets/style.css 200 1.439 ms - 230
2019-12-22 17:25:31:2531 error: 404 - Not Found - /favicon.ico - GET - ::1
2019-12-22 17:25:31:2531 info: GET /favicon.ico 404 6.158 ms - 1372
2019-12-22 17:34:10:3410 info: GET /users/forgotpassword 200 17.076 ms - 5573
2019-12-22 17:34:10:3410 info: GET /stylesheets/style.css 304 1.712 ms - -
2019-12-22 17:34:11:3411 error: 404 - Not Found - /favicon.ico - GET - ::1
2019-12-22 17:34:11:3411 info: GET /favicon.ico 404 5.929 ms - 1372
2019-12-22 17:34:14:3414 info: POST /users/forgotpassword 200 35.115 ms - 4948
2019-12-22 17:34:14:3414 info: GET /stylesheets/style.css 304 0.672 ms - -
2019-12-22 17:34:35:3435 info: POST /users/forgotpassword 200 8.893 ms - 4948
2019-12-22 17:34:35:3435 info: GET /stylesheets/style.css 304 0.744 ms - -
2019-12-22 17:34:37:3437 info: POST /users/forgotpassword 200 4.973 ms - 4948
2019-12-22 17:34:37:3437 info: GET /stylesheets/style.css 304 0.679 ms - -
2019-12-22 17:34:59:3459 info: GET /users/forgotpassword 200 4.470 ms - 5573
2019-12-22 17:35:15:3515 info: POST /users/forgotpassword 200 6.855 ms - 4948
2019-12-22 17:35:15:3515 info: GET /stylesheets/style.css 304 0.431 ms - -
2019-12-22 18:09:34:934 info: POST /users/forgotpassword 200 8.020 ms - 4948
2019-12-22 18:09:34:934 info: GET /stylesheets/style.css 304 1.176 ms - -
2019-12-23 08:17:47:1747 info: POST /users/forgotpassword 200 49.634 ms - 4948
2019-12-23 08:17:47:1747 info: GET /stylesheets/style.css 200 4.938 ms - 230
2019-12-23 08:17:48:1748 error: 404 - Not Found - /favicon.ico - GET - ::1
2019-12-23 08:17:48:1748 info: GET /favicon.ico 404 4.707 ms - 1372
2019-12-23 08:17:50:1750 info: GET /sessions/ 200 9.275 ms - 1293
2019-12-23 08:17:50:1750 info: GET /stylesheets/style.css 304 1.560 ms - -
2019-12-23 08:17:54:1754 error: 404 - Not Found - /sessions/users/forgotpassword - GET - ::1
2019-12-23 08:17:54:1754 info: GET /sessions/users/forgotpassword 404 4.387 ms - 1360
2019-12-23 08:17:57:1757 error: 404 - Not Found - /sessions/users/forgotpassword - GET - ::1
2019-12-23 08:17:57:1757 info: GET /sessions/users/forgotpassword 404 3.765 ms - 1360
2019-12-23 08:17:57:1757 error: 404 - Not Found - /favicon.ico - GET - ::1
2019-12-23 08:17:57:1757 info: GET /favicon.ico 404 4.845 ms - 1372
2019-12-23 08:17:58:1758 error: 404 - Not Found - /sessions/users/forgotpassword - GET - ::1
2019-12-23 08:17:58:1758 info: GET /sessions/users/forgotpassword 404 5.000 ms - 1360
2019-12-23 08:17:58:1758 error: 404 - Not Found - /favicon.ico - GET - ::1
2019-12-23 08:17:58:1758 info: GET /favicon.ico 404 3.681 ms - 1372
2019-12-23 08:17:58:1758 error: 404 - Not Found - /sessions/users/forgotpassword - GET - ::1
2019-12-23 08:17:58:1758 info: GET /sessions/users/forgotpassword 404 3.558 ms - 1360
2019-12-23 08:17:58:1758 error: 404 - Not Found - /favicon.ico - GET - ::1
2019-12-23 08:17:58:1758 info: GET /favicon.ico 404 3.714 ms - 1372
2019-12-23 08:17:59:1759 error: 404 - Not Found - /sessions/users/forgotpassword - GET - ::1
2019-12-23 08:17:59:1759 info: GET /sessions/users/forgotpassword 404 3.043 ms - 1360
2019-12-23 08:17:59:1759 error: 404 - Not Found - /favicon.ico - GET - ::1
2019-12-23 08:17:59:1759 info: GET /favicon.ico 404 4.127 ms - 1372
2019-12-23 08:17:59:1759 error: 404 - Not Found - /sessions/users/forgotpassword - GET - ::1
2019-12-23 08:17:59:1759 info: GET /sessions/users/forgotpassword 404 3.052 ms - 1360
2019-12-23 08:17:59:1759 error: 404 - Not Found - /favicon.ico - GET - ::1
2019-12-23 08:17:59:1759 info: GET /favicon.ico 404 3.513 ms - 1372
2019-12-23 08:17:59:1759 error: 404 - Not Found - /sessions/users/forgotpassword - GET - ::1
2019-12-23 08:17:59:1759 info: GET /sessions/users/forgotpassword 404 3.632 ms - 1360
2019-12-23 08:17:59:1759 error: 404 - Not Found - /favicon.ico - GET - ::1
2019-12-23 08:17:59:1759 info: GET /favicon.ico 404 3.365 ms - 1372
2019-12-23 08:17:59:1759 error: 404 - Not Found - /sessions/users/forgotpassword - GET - ::1
2019-12-23 08:17:59:1759 info: GET /sessions/users/forgotpassword 404 3.053 ms - 1360
2019-12-23 08:17:59:1759 error: 404 - Not Found - /favicon.ico - GET - ::1
2019-12-23 08:17:59:1759 info: GET /favicon.ico 404 2.894 ms - 1372
2019-12-23 08:17:59:1759 error: 404 - Not Found - /sessions/users/forgotpassword - GET - ::1
2019-12-23 08:17:59:1759 info: GET /sessions/users/forgotpassword 404 3.294 ms - 1360
2019-12-23 08:17:59:1759 error: 404 - Not Found - /favicon.ico - GET - ::1
2019-12-23 08:17:59:1759 info: GET /favicon.ico 404 2.732 ms - 1372
2019-12-23 08:17:59:1759 error: 404 - Not Found - /sessions/users/forgotpassword - GET - ::1
2019-12-23 08:17:59:1759 info: GET /sessions/users/forgotpassword 404 2.913 ms - 1360
2019-12-23 08:17:59:1759 error: 404 - Not Found - /favicon.ico - GET - ::1
2019-12-23 08:17:59:1759 info: GET /favicon.ico 404 5.462 ms - 1372
2019-12-23 08:18:05:185 error: 404 - Not Found - /sessions/users/forgotpassword - GET - ::1
2019-12-23 08:18:05:185 info: GET /sessions/users/forgotpassword 404 6.941 ms - 1360
2019-12-23 08:18:05:185 error: 404 - Not Found - /favicon.ico - GET - ::1
2019-12-23 08:18:05:185 info: GET /favicon.ico 404 4.483 ms - 1372
2019-12-23 08:18:05:185 error: 404 - Not Found - /sessions/users/forgotpassword - GET - ::1
2019-12-23 08:18:05:185 info: GET /sessions/users/forgotpassword 404 4.839 ms - 1360
2019-12-23 08:18:05:185 error: 404 - Not Found - /favicon.ico - GET - ::1
2019-12-23 08:18:05:185 info: GET /favicon.ico 404 4.481 ms - 1372
2019-12-23 08:18:06:186 error: 404 - Not Found - /sessions/users/forgotpassword - GET - ::1
2019-12-23 08:18:06:186 info: GET /sessions/users/forgotpassword 404 7.062 ms - 1360
2019-12-23 08:18:06:186 error: 404 - Not Found - /favicon.ico - GET - ::1
2019-12-23 08:18:06:186 info: GET /favicon.ico 404 3.316 ms - 1372
2019-12-23 08:18:06:186 error: 404 - Not Found - /sessions/users/forgotpassword - GET - ::1
2019-12-23 08:18:06:186 info: GET /sessions/users/forgotpassword 404 2.982 ms - 1360
2019-12-23 08:18:06:186 error: 404 - Not Found - /favicon.ico - GET - ::1
2019-12-23 08:18:06:186 info: GET /favicon.ico 404 3.479 ms - 1372
2019-12-23 08:18:06:186 error: 404 - Not Found - /sessions/users/forgotpassword - GET - ::1
2019-12-23 08:18:06:186 info: GET /sessions/users/forgotpassword 404 5.355 ms - 1360
2019-12-23 08:18:06:186 error: 404 - Not Found - /favicon.ico - GET - ::1
2019-12-23 08:18:06:186 info: GET /favicon.ico 404 3.235 ms - 1372
2019-12-23 08:18:17:1817 info: GET /sessions/ 200 4.460 ms - 1293
2019-12-23 08:18:17:1817 info: GET /stylesheets/style.css 200 1.815 ms - 230
2019-12-23 08:18:17:1817 info: GET /sessions/ 200 2.174 ms - 1293
2019-12-23 08:18:17:1817 info: GET /stylesheets/style.css 200 1.626 ms - 230
2019-12-23 08:18:17:1817 info: GET /sessions/ 200 2.088 ms - 1293
2019-12-23 08:18:17:1817 info: GET /stylesheets/style.css 200 2.429 ms - 230
2019-12-23 08:18:17:1817 error: 404 - Not Found - /favicon.ico - GET - ::1
2019-12-23 08:18:17:1817 info: GET /favicon.ico 404 3.507 ms - 1372
2019-12-23 08:18:19:1819 error: 404 - Not Found - /sessions/users/forgotpassword - GET - ::1
2019-12-23 08:18:19:1819 info: GET /sessions/users/forgotpassword 404 5.299 ms - 1360
2019-12-23 08:18:51:1851 info: GET /users 304 9.865 ms - -
2019-12-23 08:18:51:1851 info: GET /stylesheets/style.css 304 0.930 ms - -
2019-12-23 08:18:52:1852 info: GET /sessions 304 2.147 ms - -
2019-12-23 08:18:52:1852 info: GET /stylesheets/style.css 304 1.913 ms - -
2019-12-23 08:18:56:1856 info: GET /sessions 304 2.824 ms - -
2019-12-23 08:18:56:1856 info: GET /stylesheets/style.css 304 0.484 ms - -
